Updated duplicate props: 246.408-71 to: 246.408-71 Aircraft.
Updated duplicate props: 246.408-71 to: 246.408-71 Aircraft.
Updated duplicate props: Part 7 to: Part 7 -PREPARATION OF THE DD FORM 250-1 DISCHARGE REPORT
Updated duplicate props: Part 7 to: Part 7 -DEFENSE INFORMATION SYSTEMS AGENCY ACTIVITY ADDRESS NUMBERS
Updated duplicate props: 225.771 to: 225.771 Prohibition on contracting or subcontracting with a firm that is owned or controlled by the government of a country that is a state sponsor of terrorism.
Updated duplicate props: 225.771 to: 225.771 Prohibition on contracting or subcontracting with a firm that is owned or controlled by the government of a country that is a state sponsor of terrorism.
Updated duplicate props: 225.771-3 to: 225.771-3 Notification.
Updated duplicate props: 225.771-3 to: 225.771-3 Notification.
Updated duplicate props: PGI 242.302 to: PGI 242.302 Contract administration functions.
Updated duplicate props: PGI 242.302 to: PGI 242.302 aS-72 Surveillance of the contractors implementation of the Synchronized Predeployment and Operational Tracker SPOT
Updated duplicate props: PGI 242.302 to: PGI 242.302 aS-75 Monitoringcontractor costs
Updated duplicate props: Part 3 to: Part 3 -PREPARATION OF THE WIDE AREA WORKFLOW WAWF RECEIVING REPORT RR WAWF REPARABLE RECEIVING REPORT WAWF RRR AND WAWF ENERGY RR
Updated duplicate props: Part 3 to: Part 3 -NAVY ACTIVITY ADDRESS NUMBERS
Updated duplicate props: 246.408 to: 246.408 Single-agency assignments of Government contract quality assurance.
Updated duplicate props: 246.408 to: 246.408 Single-agency assignments of Government contract quality assurance.
Updated duplicate props: Defense Federal Acquisition Regulation to: Defense Federal Acquisition Regulation
Updated duplicate props: Defense Federal Acquisition Regulation to: Defense Federal Acquisition Regulation
Updated duplicate props: Defense Federal Acquisition Regulation to: Defense Federal Acquisition Regulation
Updated duplicate props: Defense Federal Acquisition Regulation to: Defense Federal Acquisition Regulation
Updated duplicate props: Defense Federal Acquisition Regulation to: Defense Federal Acquisition Regulation
Updated duplicate props: Defense Federal Acquisition Regulation to: Defense Federal Acquisition Regulation
Updated duplicate props: Defense Federal Acquisition Regulation to: Defense Federal Acquisition Regulation
Updated duplicate props: Defense Federal Acquisition Regulation to: Defense Federal Acquisition Regulation
Updated duplicate props: Defense Federal Acquisition Regulation to: Defense Federal Acquisition Regulation
Updated duplicate props: Defense Federal Acquisition Regulation to: Defense Federal Acquisition Regulation
Updated duplicate props: Defense Federal Acquisition Regulation to: Defense Federal Acquisition Regulation
Updated duplicate props: Defense Federal Acquisition Regulation to: Defense Federal Acquisition Regulation
Updated duplicate props: Defense Federal Acquisition Regulation to: Defense Federal Acquisition Regulation
Updated duplicate props: Defense Federal Acquisition Regulation to: Defense Federal Acquisition Regulation
Updated duplicate props: Part 1 to: Part 1 -Charter
Updated duplicate props: Part 1 to: Part 1 -INTRODUCTION
Updated duplicate props: Part 2 to: Part 2 -Rules
Updated duplicate props: Part 2 to: Part 2 -CONTRACT QUALITY ASSURANCE ON SHIPMENTS BETWEEN CONTRACTORS
Updated duplicate props: Part 2 to: Part 2 -ARMY ACTIVITY ADDRESS NUMBERS
Updated duplicate props: Part 6 to: Part 6 -PREPARATION OF THE DD FORM 250-1 LOADING REPORT
Updated duplicate props: Part 6 to: Part 6 -DEFENSE LOGISTICS AGENCY ACTIVITY ADDRESS NUMBERS
Updated duplicate props: Defense Federal Acquisition Regulation to: Defense Federal Acquisition Regulation
Updated duplicate props: Defense Federal Acquisition Regulation to: Defense Federal Acquisition Regulation
Updated duplicate props: Defense Federal Acquisition Regulation to: Defense Federal Acquisition Regulation
Updated duplicate props: Defense Federal Acquisition Regulation to: Defense Federal Acquisition Regulation
Updated duplicate props: Defense Federal Acquisition Regulation to: Defense Federal Acquisition Regulation
Updated duplicate props: Defense Federal Acquisition Regulation to: Defense Federal Acquisition Regulation
Updated duplicate props: Defense Federal Acquisition Regulation to: Defense Federal Acquisition Regulation
Updated duplicate props: Part 5 to: Part 5 -DISTRIBUTION OF WIDE AREA WORKFLOW RECEIVING REPORT WAWF RR DD FORM 250 AND DD FORM 250C
Updated duplicate props: Part 5 to: Part 5 -AIR FORCE ACTIVITY ADDRESS NUMBERS
Updated duplicate props: Part 4 to: Part 4 -PREPARATION OF THE DD FORM 250 AND DD FORM 250C
Updated duplicate props: Part 4 to: Part 4 -MARINE CORPS ACTIVITY ADDRESS NUMBERS
Updated duplicate props: Defense Federal Acquisition Regulation to: Defense Federal Acquisition Regulation
Updated duplicate props: Defense Federal Acquisition Regulation to: Defense Federal Acquisition Regulation
Updated duplicate props: Defense Federal Acquisition Regulation to: Defense Federal Acquisition Regulation
Updated duplicate props: Defense Federal Acquisition Regulation to: Defense Federal Acquisition Regulation
Updated duplicate props: Defense Federal Acquisition Regulation to: Defense Federal Acquisition Regulation
Updated duplicate props: Defense Federal Acquisition Regulation to: Defense Federal Acquisition Regulation
Updated duplicate props: Defense Federal Acquisition Regulation to: Defense Federal Acquisition Regulation
Updated duplicate props: Part 8 to: Part 8 -DISTRIBUTION OF THE DD FORM 250-1
Updated duplicate props: Part 8 to: Part 8 -NATIONAL IMAGERY AND MAPPING AGENCY ACTIVITY ADDRESS NUMBERS
Updated duplicate props: Defense Federal Acquisition Regulation to: Defense Federal Acquisition Regulation
Updated duplicate props: Defense Federal Acquisition Regulation to: Defense Federal Acquisition Regulation
Updated duplicate props: Defense Federal Acquisition Regulation to: Defense Federal Acquisition Regulation
Updated duplicate props: Defense Federal Acquisition Regulation to: Defense Federal Acquisition Regulation
Updated duplicate props: Defense Federal Acquisition Regulation to: Defense Federal Acquisition Regulation
Updated duplicate props: Defense Federal Acquisition Regulation to: Defense Federal Acquisition Regulation
Updated duplicate props: Defense Federal Acquisition Regulation to: Defense Federal Acquisition Regulation
Updated duplicate props: Defense Federal Acquisition Regulation to: Defense Federal Acquisition Regulation
Updated duplicate props: Defense Federal Acquisition Regulation to: Defense Federal Acquisition Regulation
Updated duplicate props: Defense Federal Acquisition Regulation to: Defense Federal Acquisition Regulation
Updated duplicate props: Defense Federal Acquisition Regulation to: Defense Federal Acquisition Regulation
Updated duplicate props: Defense Federal Acquisition Regulation to: Defense Federal Acquisition Regulation
Updated duplicate props: Defense Federal Acquisition Regulation to: Defense Federal Acquisition Regulation
Updated duplicate props: Defense Federal Acquisition Regulation to: Defense Federal Acquisition Regulation
